Generated at 2015-09-29 12:17:57 -0600
Chef::Exceptions::CannotDetermineHomebrewOwner: homebrew_package[cron] ((chef-apply cookbook)::(chef-apply recipe) line 1) had an error: Chef::Exceptions::CannotDetermineHomebrewOwner: Could not find the "brew" executable in /usr/local/bin or anywhere on the path.
/opt/chefdk/embedded/lib/ruby/gems/2.1.0/gems/chef-12.4.3/lib/chef/mixin/homebrew_user.rb:58:in `calculate_owner'
/opt/chefdk/embedded/lib/ruby/gems/2.1.0/gems/chef-12.4.3/lib/chef/mixin/homebrew_user.rb:44:in `find_homebrew_uid'
/opt/chefdk/embedded/lib/ruby/gems/2.1.0/gems/chef-12.4.3/lib/chef/provider/package/homebrew.rb:125:in `get_response_from_command'
/opt/chefdk/embedded/lib/ruby/gems/2.1.0/gems/chef-12.4.3/lib/chef/provider/package/homebrew.rb:76:in `brew'
/opt/chefdk/embedded/lib/ruby/gems/2.1.0/gems/chef-12.4.3/lib/chef/provider/package/homebrew.rb:88:in `brew_info'
/opt/chefdk/embedded/lib/ruby/gems/2.1.0/gems/chef-12.4.3/lib/chef/provider/package/homebrew.rb:98:in `current_installed_version'
/opt/chefdk/embedded/lib/ruby/gems/2.1.0/gems/chef-12.4.3/lib/chef/provider/package/homebrew.rb:37:in `load_current_resource'
/opt/chefdk/embedded/lib/ruby/gems/2.1.0/gems/chef-12.4.3/lib/chef/provider.rb:123:in `run_action'
/opt/chefdk/embedded/lib/ruby/gems/2.1.0/gems/chef-12.4.3/lib/chef/resource.rb:584:in `run_action'
/opt/chefdk/embedded/lib/ruby/gems/2.1.0/gems/chef-12.4.3/lib/chef/runner.rb:49:in `run_action'
/opt/chefdk/embedded/lib/ruby/gems/2.1.0/gems/chef-12.4.3/lib/chef/runner.rb:81:in `block (2 levels) in converge'
/opt/chefdk/embedded/lib/ruby/gems/2.1.0/gems/chef-12.4.3/lib/chef/runner.rb:81:in `each'
/opt/chefdk/embedded/lib/ruby/gems/2.1.0/gems/chef-12.4.3/lib/chef/runner.rb:81:in `block in converge'
/opt/chefdk/embedded/lib/ruby/gems/2.1.0/gems/chef-12.4.3/lib/chef/resource_collection/resource_list.rb:83:in `block in execute_each_resource'
/opt/chefdk/embedded/lib/ruby/gems/2.1.0/gems/chef-12.4.3/lib/chef/resource_collection/stepable_iterator.rb:116:in `call'
/opt/chefdk/embedded/lib/ruby/gems/2.1.0/gems/chef-12.4.3/lib/chef/resource_collection/stepable_iterator.rb:116:in `call_iterator_block'
/opt/chefdk/embedded/lib/ruby/gems/2.1.0/gems/chef-12.4.3/lib/chef/resource_collection/stepable_iterator.rb:85:in `step'
/opt/chefdk/embedded/lib/ruby/gems/2.1.0/gems/chef-12.4.3/lib/chef/resource_collection/stepable_iterator.rb:104:in `iterate'
/opt/chefdk/embedded/lib/ruby/gems/2.1.0/gems/chef-12.4.3/lib/chef/resource_collection/stepable_iterator.rb:55:in `each_with_index'
/opt/chefdk/embedded/lib/ruby/gems/2.1.0/gems/chef-12.4.3/lib/chef/resource_collection/resource_list.rb:81:in `execute_each_resource'
/opt/chefdk/embedded/lib/ruby/gems/2.1.0/gems/chef-12.4.3/lib/chef/runner.rb:80:in `converge'
/opt/chefdk/embedded/lib/ruby/gems/2.1.0/gems/chef-12.4.3/lib/chef/application/apply.rb:171:in `run_chef_recipe'
/opt/chefdk/embedded/lib/ruby/gems/2.1.0/gems/chef-12.4.3/lib/chef/application/apply.rb:180:in `run_application'
/opt/chefdk/embedded/lib/ruby/gems/2.1.0/gems/chef-12.4.3/lib/chef/application/apply.rb:193:in `run'
/opt/chefdk/embedded/lib/ruby/gems/2.1.0/gems/chef-12.4.3/bin/chef-apply:25:in `<top (required)>'
/opt/chefdk/bin/chef-apply:54:in `load'
/opt/chefdk/bin/chef-apply:54:in `<main>'